PRT1
99
256
4 0 25 (544 -160 400 ) (544 -416 400 ) (544 -416 424 ) (544 -160 424 ) 
4 0 27 (544 -416 400 ) (544 -440 400 ) (544 -440 424 ) (544 -416 424 ) 
4 0 18 (544 112 400 ) (544 -160 400 ) (544 -160 424 ) (544 112 424 ) 
4 0 7 (544 400 400 ) (544 112 400 ) (544 112 424 ) (544 400 424 ) 
4 0 6 (544 424 424 ) (544 424 400 ) (544 400 400 ) (544 400 424 ) 
4 0 2 (1248 400 400 ) (1272 400 400 ) (1272 -416 400 ) (1248 -416 400 ) 
4 0 4 (1272 -440 400 ) (544 -440 400 ) (544 -416 400 ) (1272 -416 400 ) 
4 0 1 (544 400 400 ) (544 424 400 ) (1272 424 400 ) (1272 400 400 ) 
4 1 32 (544 424 -16 ) (544 424 -432 ) (544 400 -432 ) (544 400 -16 ) 
4 1 14 (544 424 160 ) (544 424 -16 ) (544 400 -16 ) (544 400 160 ) 
4 1 6 (544 424 400 ) (544 424 160 ) (544 400 160 ) (544 400 400 ) 
4 1 2 (1272 400 -432 ) (1272 400 400 ) (1248 400 400 ) (1248 400 -432 ) 
4 1 5 (544 400 -432 ) (544 424 -432 ) (1272 424 -432 ) (1272 400 -432 ) 
4 2 4 (1248 -416 -432 ) (1272 -416 -432 ) (1272 -416 400 ) (1248 -416 400 ) 
4 2 5 (1248 400 -432 ) (1272 400 -432 ) (1272 -416 -432 ) (1248 -416 -432 ) 
4 3 38 (544 -224 -432 ) (544 -416 -432 ) (544 -416 -16 ) (544 -224 -16 ) 
4 3 36 (544 224 -432 ) (544 -224 -432 ) (544 -224 -32 ) (544 224 -32 ) 
4 3 35 (544 -224 -32 ) (544 -224 -16 ) (544 224 -16 ) (544 224 -32 ) 
4 3 33 (544 400 -432 ) (544 224 -432 ) (544 224 -16 ) (544 400 -16 ) 
4 3 28 (544 -416 -16 ) (544 -416 256 ) (544 -160 256 ) (544 -160 -16 ) 
4 3 26 (544 -416 256 ) (544 -416 400 ) (544 -160 400 ) (544 -160 256 ) 
4 3 19 (544 -160 400 ) (544 112 400 ) (544 112 160 ) (544 -160 160 ) 
4 3 15 (544 400 160 ) (544 400 -16 ) (544 144 -16 ) (544 144 160 ) 
4 3 8 (544 112 400 ) (544 400 400 ) (544 400 160 ) (544 112 160 ) 
4 4 39 (544 -416 -432 ) (544 -440 -432 ) (544 -440 -16 ) (544 -416 -16 ) 
4 4 29 (544 -440 -16 ) (544 -440 256 ) (544 -416 256 ) (544 -416 -16 ) 
4 4 27 (544 -440 256 ) (544 -440 400 ) (544 -416 400 ) (544 -416 256 ) 
4 4 5 (544 -440 -432 ) (544 -416 -432 ) (1272 -416 -432 ) (1272 -440 -432 ) 
4 5 40 (544 -224 -456 ) (544 -440 -456 ) (544 -440 -432 ) (544 -224 -432 ) 
4 5 37 (544 224 -456 ) (544 -224 -456 ) (544 -224 -432 ) (544 224 -432 ) 
4 5 34 (544 424 -432 ) (544 424 -456 ) (544 224 -456 ) (544 224 -432 ) 
4 6 14 (512 424 160 ) (544 424 160 ) (544 400 160 ) (512 400 160 ) 
4 6 10 (512 424 400 ) (512 424 160 ) (512 400 160 ) (512 400 400 ) 
4 6 9 (512 424 424 ) (512 424 400 ) (512 400 400 ) (512 400 424 ) 
4 6 7 (544 400 400 ) (544 400 424 ) (512 400 424 ) (512 400 400 ) 
4 7 18 (544 112 400 ) (544 112 424 ) (512 112 424 ) (512 112 400 ) 
4 7 12 (512 112 400 ) (512 112 424 ) (512 208 424 ) (512 208 400 ) 
4 7 9 (512 208 424 ) (512 400 424 ) (512 400 400 ) (512 208 400 ) 
4 8 19 (544 112 160 ) (544 112 400 ) (512 112 400 ) (512 112 160 ) 
4 8 15 (544 400 160 ) (544 144 160 ) (512 144 160 ) (512 400 160 ) 
4 8 13 (512 112 256 ) (512 112 400 ) (512 208 400 ) (512 208 256 ) 
4 8 11 (512 400 160 ) (512 208 160 ) (512 208 400 ) (512 400 400 ) 
4 9 42 (224 208 424 ) (224 400 424 ) (224 400 400 ) (224 208 400 ) 
4 9 41 (224 400 424 ) (224 424 424 ) (224 424 400 ) (224 400 400 ) 
4 9 12 (224 208 424 ) (224 208 400 ) (512 208 400 ) (512 208 424 ) 
4 9 10 (224 400 400 ) (224 424 400 ) (512 424 400 ) (512 400 400 ) 
4 10 44 (224 424 272 ) (224 424 160 ) (224 400 160 ) (224 400 272 ) 
4 10 41 (224 424 400 ) (224 424 272 ) (224 400 272 ) (224 400 400 ) 
4 10 16 (224 400 160 ) (224 424 160 ) (512 424 160 ) (512 400 160 ) 
4 11 45 (224 400 160 ) (224 224 160 ) (224 224 272 ) (224 400 272 ) 
4 11 43 (224 208 272 ) (224 208 400 ) (224 400 400 ) (224 400 272 ) 
4 11 17 (224 208 160 ) (224 400 160 ) (512 400 160 ) (512 208 160 ) 
4 11 13 (224 208 400 ) (224 208 256 ) (512 208 256 ) (512 208 400 ) 
4 12 46 (224 112 424 ) (224 192 424 ) (224 192 400 ) (224 112 400 ) 
4 12 42 (224 192 424 ) (224 208 424 ) (224 208 400 ) (224 192 400 ) 
4 12 20 (512 112 424 ) (224 112 424 ) (224 112 400 ) (512 112 400 ) 
4 13 47 (224 112 272 ) (224 112 400 ) (224 192 400 ) (224 192 272 ) 
4 13 43 (224 208 400 ) (224 208 272 ) (224 192 272 ) (224 192 400 ) 
4 13 21 (224 112 400 ) (224 112 256 ) (512 112 256 ) (512 112 400 ) 
4 14 32 (512 424 -16 ) (544 424 -16 ) (544 400 -16 ) (512 400 -16 ) 
4 14 16 (512 400 160 ) (512 424 160 ) (512 424 -16 ) (512 400 -16 ) 
4 15 35 (544 224 -16 ) (544 144 -16 ) (528 144 -16 ) (528 224 -16 ) 
4 15 33 (544 400 -16 ) (544 224 -16 ) (512 224 -16 ) (512 400 -16 ) 
4 15 17 (512 208 160 ) (512 400 160 ) (512 400 -16 ) (512 208 -16 ) 
4 16 44 (224 424 160 ) (224 424 -16 ) (224 400 -16 ) (224 400 160 ) 
4 16 32 (224 400 -16 ) (224 424 -16 ) (512 424 -16 ) (512 400 -16 ) 
4 17 45 (224 400 -16 ) (224 224 -16 ) (224 224 160 ) (224 400 160 ) 
4 17 33 (224 224 -16 ) (224 400 -16 ) (512 400 -16 ) (512 224 -16 ) 
4 18 25 (544 -160 400 ) (544 -160 424 ) (512 -160 424 ) (512 -160 400 ) 
4 18 22 (512 -128 400 ) (512 -160 400 ) (512 -160 424 ) (512 -128 424 ) 
4 18 20 (512 112 424 ) (512 112 400 ) (512 -128 400 ) (512 -128 424 ) 
4 19 28 (512 -160 160 ) (544 -160 160 ) (544 -160 256 ) (512 -160 256 ) 
4 19 26 (544 -160 256 ) (544 -160 400 ) (512 -160 400 ) (512 -160 256 ) 
4 19 23 (512 -160 256 ) (512 -160 400 ) (512 -128 400 ) (512 -128 256 ) 
4 19 21 (512 112 400 ) (512 112 240 ) (512 -128 240 ) (512 -128 400 ) 
4 20 53 (224 -128 424 ) (224 -96 424 ) (224 -96 400 ) (224 -128 400 ) 
4 20 46 (224 -96 424 ) (224 112 424 ) (224 112 400 ) (224 -96 400 ) 
4 20 22 (512 -128 400 ) (512 -128 424 ) (224 -128 424 ) (224 -128 400 ) 
4 21 54 (224 -128 272 ) (224 -128 400 ) (224 -96 400 ) (224 -96 272 ) 
4 21 47 (224 112 400 ) (224 112 272 ) (224 -96 272 ) (224 -96 400 ) 
4 21 23 (512 -128 256 ) (512 -128 400 ) (224 -128 400 ) (224 -128 256 ) 
4 22 53 (224 -160 424 ) (224 -128 424 ) (224 -128 400 ) (224 -160 400 ) 
4 22 25 (224 -160 424 ) (224 -160 400 ) (512 -160 400 ) (512 -160 424 ) 
4 23 54 (224 -128 400 ) (224 -128 272 ) (224 -160 272 ) (224 -160 400 ) 
4 23 26 (224 -160 400 ) (224 -160 256 ) (512 -160 256 ) (512 -160 400 ) 
4 24 48 (224 96 -16 ) (224 -96 -16 ) (224 -96 160 ) (224 96 160 ) 
4 25 55 (224 -416 424 ) (224 -224 424 ) (224 -224 400 ) (224 -416 400 ) 
4 25 53 (224 -224 424 ) (224 -160 424 ) (224 -160 400 ) (224 -224 400 ) 
4 25 27 (224 -416 424 ) (224 -416 400 ) (544 -416 400 ) (544 -416 424 ) 
4 26 56 (224 -224 256 ) (224 -416 256 ) (224 -416 400 ) (224 -224 400 ) 
4 26 54 (224 -160 400 ) (224 -160 272 ) (224 -224 272 ) (224 -224 400 ) 
4 26 30 (224 -416 256 ) (224 -208 256 ) (512 -208 256 ) (512 -416 256 ) 
4 26 28 (512 -160 256 ) (544 -160 256 ) (544 -416 256 ) (512 -416 256 ) 
4 27 57 (224 -440 256 ) (224 -440 424 ) (224 -416 424 ) (224 -416 256 ) 
4 27 31 (512 -440 256 ) (224 -440 256 ) (224 -416 256 ) (512 -416 256 ) 
4 27 29 (544 -440 256 ) (512 -440 256 ) (512 -416 256 ) (544 -416 256 ) 
4 28 38 (544 -224 -16 ) (544 -416 -16 ) (512 -416 -16 ) (512 -224 -16 ) 
4 28 35 (528 -160 -16 ) (544 -160 -16 ) (544 -224 -16 ) (528 -224 -16 ) 
4 28 30 (512 -208 -16 ) (512 -416 -16 ) (512 -416 256 ) (512 -208 256 ) 
4 29 39 (544 -416 -16 ) (544 -440 -16 ) (512 -440 -16 ) (512 -416 -16 ) 
4 29 31 (512 -416 -16 ) (512 -440 -16 ) (512 -440 256 ) (512 -416 256 ) 
4 30 59 (224 -224 -16 ) (224 -416 -16 ) (224 -416 240 ) (224 -224 240 ) 
4 30 56 (224 -416 256 ) (224 -224 256 ) (224 -224 240 ) (224 -416 240 ) 
4 30 38 (224 -416 -16 ) (224 -224 -16 ) (512 -224 -16 ) (512 -416 -16 ) 
4 31 60 (224 -440 -16 ) (224 -440 240 ) (224 -416 240 ) (224 -416 -16 ) 
4 31 57 (224 -440 240 ) (224 -440 256 ) (224 -416 256 ) (224 -416 240 ) 
4 31 39 (224 -440 -16 ) (224 -416 -16 ) (512 -416 -16 ) (512 -440 -16 ) 
4 32 68 (224 424 -32 ) (224 424 -432 ) (224 400 -432 ) (224 400 -32 ) 
4 32 66 (224 400 -16 ) (224 424 -16 ) (224 424 -32 ) (224 400 -32 ) 
4 32 34 (224 400 -432 ) (224 424 -432 ) (544 424 -432 ) (544 400 -432 ) 
4 33 69 (224 224 -432 ) (224 224 -32 ) (224 400 -32 ) (224 400 -432 ) 
4 33 67 (224 224 -32 ) (224 224 -16 ) (224 400 -16 ) (224 400 -32 ) 
4 33 36 (224 224 -32 ) (224 224 -432 ) (544 224 -432 ) (544 224 -32 ) 
4 33 35 (528 224 -32 ) (544 224 -32 ) (544 224 -16 ) (528 224 -16 ) 
4 34 70 (224 424 -456 ) (224 224 -456 ) (224 224 -432 ) (224 424 -432 ) 
4 34 37 (224 224 -432 ) (224 224 -456 ) (544 224 -456 ) (544 224 -432 ) 
4 35 38 (544 -224 -32 ) (544 -224 -16 ) (528 -224 -16 ) (528 -224 -32 ) 
4 35 36 (544 -224 -32 ) (528 -224 -32 ) (528 224 -32 ) (544 224 -32 ) 
4 36 83 (224 -224 -432 ) (224 -224 -48 ) (224 -96 -48 ) (224 -96 -432 ) 
4 36 79 (224 -224 -48 ) (224 -224 -32 ) (224 -192 -32 ) (224 -192 -48 ) 
4 36 73 (224 192 -48 ) (224 192 -432 ) (224 -96 -432 ) (224 -96 -48 ) 
4 36 71 (224 -96 -32 ) (224 96 -32 ) (224 96 -48 ) (224 -96 -48 ) 
4 36 69 (224 192 -32 ) (224 224 -32 ) (224 224 -432 ) (224 192 -432 ) 
4 36 38 (544 -224 -432 ) (544 -224 -32 ) (224 -224 -32 ) (224 -224 -432 ) 
4 37 85 (224 -96 -456 ) (224 -224 -456 ) (224 -224 -432 ) (224 -96 -432 ) 
4 37 74 (224 192 -456 ) (224 -96 -456 ) (224 -96 -432 ) (224 192 -432 ) 
4 37 70 (224 224 -456 ) (224 192 -456 ) (224 192 -432 ) (224 224 -432 ) 
4 37 40 (224 -224 -456 ) (544 -224 -456 ) (544 -224 -432 ) (224 -224 -432 ) 
4 38 83 (224 -224 -48 ) (224 -224 -432 ) (224 -416 -432 ) (224 -416 -48 ) 
4 38 81 (224 -416 -16 ) (224 -224 -16 ) (224 -224 -48 ) (224 -416 -48 ) 
4 39 84 (224 -440 -432 ) (224 -440 -48 ) (224 -416 -48 ) (224 -416 -432 ) 
4 39 82 (224 -440 -48 ) (224 -440 -16 ) (224 -416 -16 ) (224 -416 -48 ) 
4 39 40 (224 -440 -432 ) (224 -416 -432 ) (544 -416 -432 ) (544 -440 -432 ) 
4 40 85 (224 -224 -456 ) (224 -440 -456 ) (224 -440 -432 ) (224 -224 -432 ) 
4 41 94 (-224 424 400 ) (-224 424 272 ) (-224 400 272 ) (-224 400 400 ) 
4 41 93 (-224 424 424 ) (-224 424 400 ) (-224 400 400 ) (-224 400 424 ) 
4 41 44 (-224 400 272 ) (-224 424 272 ) (224 424 272 ) (224 400 272 ) 
4 41 42 (224 400 400 ) (224 400 424 ) (-224 400 424 ) (-224 400 400 ) 
4 42 93 (-224 192 400 ) (-224 192 424 ) (-224 400 424 ) (-224 400 400 ) 
4 42 50 (-96 192 424 ) (-224 192 424 ) (-224 192 400 ) (-96 192 400 ) 
4 42 46 (224 192 400 ) (224 192 424 ) (-96 192 424 ) (-96 192 400 ) 
4 43 95 (-224 400 272 ) (-224 192 272 ) (-224 192 400 ) (-224 400 400 ) 
4 43 51 (-96 192 400 ) (-224 192 400 ) (-224 192 272 ) (-96 192 272 ) 
4 43 47 (224 192 272 ) (224 192 400 ) (-96 192 400 ) (-96 192 272 ) 
4 43 45 (-224 224 272 ) (-224 400 272 ) (224 400 272 ) (224 224 272 ) 
4 44 94 (-224 424 272 ) (-224 424 -16 ) (-224 400 -16 ) (-224 400 272 ) 
4 44 66 (-224 400 -16 ) (-224 424 -16 ) (224 424 -16 ) (224 400 -16 ) 
4 45 95 (-224 400 -16 ) (-224 224 -16 ) (-224 224 272 ) (-224 400 272 ) 
4 45 67 (-224 224 -16 ) (-224 400 -16 ) (224 400 -16 ) (224 224 -16 ) 
4 46 53 (224 -96 400 ) (224 -96 424 ) (-96 -96 424 ) (-96 -96 400 ) 
4 46 50 (-96 192 424 ) (-96 192 400 ) (-96 -96 400 ) (-96 -96 424 ) 
4 47 54 (224 -96 272 ) (224 -96 400 ) (-96 -96 400 ) (-96 -96 272 ) 
4 47 51 (-96 192 400 ) (-96 192 272 ) (-96 -96 272 ) (-96 -96 400 ) 
4 48 49 (128 -96 -16 ) (128 -96 240 ) (128 96 240 ) (128 96 -16 ) 
4 49 58 (-96 -96 -16 ) (128 -96 -16 ) (128 -96 240 ) (-96 -96 240 ) 
4 49 52 (-96 96 -16 ) (-96 -96 -16 ) (-96 -96 240 ) (-96 96 240 ) 
4 50 93 (-224 -96 400 ) (-224 -96 424 ) (-224 192 424 ) (-224 192 400 ) 
4 50 61 (-224 -96 424 ) (-224 -96 400 ) (-96 -96 400 ) (-96 -96 424 ) 
4 51 95 (-224 -96 272 ) (-224 -96 400 ) (-224 192 400 ) (-224 192 272 ) 
4 51 62 (-224 -96 400 ) (-224 -96 272 ) (-96 -96 272 ) (-96 -96 400 ) 
4 53 61 (-96 -96 424 ) (-96 -96 400 ) (-96 -224 400 ) (-96 -224 424 ) 
4 53 55 (-96 -224 424 ) (-96 -224 400 ) (224 -224 400 ) (224 -224 424 ) 
4 54 62 (-96 -96 400 ) (-96 -96 272 ) (-96 -224 272 ) (-96 -224 400 ) 
4 54 56 (-96 -224 400 ) (-96 -224 272 ) (224 -224 272 ) (224 -224 400 ) 
4 55 61 (-96 -416 400 ) (-96 -416 424 ) (-96 -224 424 ) (-96 -224 400 ) 
4 55 57 (224 -416 400 ) (224 -416 424 ) (-96 -416 424 ) (-96 -416 400 ) 
4 56 64 (-96 -224 240 ) (-96 -416 240 ) (-96 -416 272 ) (-96 -224 272 ) 
4 56 62 (-96 -416 272 ) (-96 -416 400 ) (-96 -224 400 ) (-96 -224 272 ) 
4 56 59 (224 -224 240 ) (224 -416 240 ) (-96 -416 240 ) (-96 -224 240 ) 
4 57 65 (-96 -416 240 ) (-96 -440 240 ) (-96 -440 272 ) (-96 -416 272 ) 
4 57 63 (-96 -440 272 ) (-96 -440 424 ) (-96 -416 424 ) (-96 -416 272 ) 
4 57 60 (224 -416 240 ) (224 -440 240 ) (-96 -440 240 ) (-96 -416 240 ) 
4 59 81 (-96 -416 -16 ) (-96 -224 -16 ) (224 -224 -16 ) (224 -416 -16 ) 
4 59 64 (-96 -224 -16 ) (-96 -416 -16 ) (-96 -416 240 ) (-96 -224 240 ) 
4 60 82 (224 -440 -16 ) (-96 -440 -16 ) (-96 -416 -16 ) (224 -416 -16 ) 
4 60 65 (-96 -416 -16 ) (-96 -440 -16 ) (-96 -440 240 ) (-96 -416 240 ) 
4 61 93 (-224 -416 424 ) (-224 -96 424 ) (-224 -96 400 ) (-224 -416 400 ) 
4 61 63 (-96 -416 400 ) (-96 -416 424 ) (-224 -416 424 ) (-224 -416 400 ) 
4 62 95 (-224 -96 400 ) (-224 -96 272 ) (-224 -416 272 ) (-224 -416 400 ) 
4 62 64 (-224 -416 272 ) (-224 -224 272 ) (-96 -224 272 ) (-96 -416 272 ) 
4 63 97 (-224 -440 272 ) (-224 -440 400 ) (-224 -416 400 ) (-224 -416 272 ) 
4 63 93 (-224 -440 400 ) (-224 -440 424 ) (-224 -416 424 ) (-224 -416 400 ) 
4 63 65 (-224 -440 272 ) (-224 -416 272 ) (-96 -416 272 ) (-96 -440 272 ) 
4 64 95 (-224 -224 -16 ) (-224 -416 -16 ) (-224 -416 272 ) (-224 -224 272 ) 
4 64 88 (-224 -416 -16 ) (-224 -224 -16 ) (-96 -224 -16 ) (-96 -416 -16 ) 
4 65 97 (-224 -416 -16 ) (-224 -440 -16 ) (-224 -440 272 ) (-224 -416 272 ) 
4 65 89 (-96 -440 -16 ) (-224 -440 -16 ) (-224 -416 -16 ) (-96 -416 -16 ) 
4 66 94 (-224 424 -16 ) (-224 424 -32 ) (-224 400 -32 ) (-224 400 -16 ) 
4 66 68 (-224 400 -32 ) (-224 424 -32 ) (224 424 -32 ) (224 400 -32 ) 
4 67 95 (-224 400 -32 ) (-224 224 -32 ) (-224 224 -16 ) (-224 400 -16 ) 
4 67 69 (-224 224 -32 ) (-224 400 -32 ) (224 400 -32 ) (224 224 -32 ) 
4 68 94 (-224 424 -32 ) (-224 424 -432 ) (-224 400 -432 ) (-224 400 -32 ) 
4 68 70 (-224 400 -432 ) (-224 424 -432 ) (224 424 -432 ) (224 400 -432 ) 
4 69 95 (-224 400 -432 ) (-224 192 -432 ) (-224 192 -32 ) (-224 400 -32 ) 
4 69 77 (-224 192 -48 ) (-224 192 -432 ) (-96 192 -432 ) (-96 192 -48 ) 
4 69 75 (-224 192 -32 ) (-224 192 -48 ) (-192 192 -48 ) (-192 192 -32 ) 
4 69 73 (-96 192 -432 ) (224 192 -432 ) (224 192 -48 ) (-96 192 -48 ) 
4 69 72 (128 192 -32 ) (-96 192 -32 ) (-96 192 -48 ) (128 192 -48 ) 
4 70 98 (-224 424 -432 ) (-224 424 -456 ) (-224 192 -456 ) (-224 192 -432 ) 
4 70 78 (-224 192 -432 ) (-224 192 -456 ) (-96 192 -456 ) (-96 192 -432 ) 
4 70 74 (-96 192 -456 ) (224 192 -456 ) (224 192 -432 ) (-96 192 -432 ) 
4 71 73 (224 96 -48 ) (224 -96 -48 ) (128 -96 -48 ) (128 96 -48 ) 
4 71 72 (128 96 -48 ) (128 -96 -48 ) (128 -96 -32 ) (128 96 -32 ) 
4 72 80 (-96 -96 -32 ) (-96 -96 -48 ) (128 -96 -48 ) (128 -96 -32 ) 
4 72 76 (-96 96 -48 ) (-96 -96 -48 ) (-96 -96 -32 ) (-96 96 -32 ) 
4 72 73 (-96 192 -48 ) (128 192 -48 ) (128 -96 -48 ) (-96 -96 -48 ) 
4 73 83 (224 -96 -432 ) (224 -96 -48 ) (-96 -96 -48 ) (-96 -96 -432 ) 
4 73 77 (-96 192 -48 ) (-96 192 -432 ) (-96 -96 -432 ) (-96 -96 -48 ) 
4 74 85 (224 -96 -456 ) (224 -96 -432 ) (-96 -96 -432 ) (-96 -96 -456 ) 
4 74 78 (-96 192 -432 ) (-96 192 -456 ) (-96 -96 -456 ) (-96 -96 -432 ) 
4 75 95 (-224 192 -32 ) (-224 192 -48 ) (-224 96 -48 ) (-224 96 -32 ) 
4 75 77 (-224 96 -48 ) (-224 192 -48 ) (-192 192 -48 ) (-192 96 -48 ) 
4 75 76 (-224 96 -32 ) (-224 96 -48 ) (-192 96 -48 ) (-192 96 -32 ) 
4 76 95 (-224 -96 -48 ) (-224 -96 -32 ) (-224 96 -32 ) (-224 96 -48 ) 
4 76 87 (-224 -96 -32 ) (-224 -96 -48 ) (-192 -96 -48 ) (-192 -96 -32 ) 
4 76 77 (-224 -96 -48 ) (-224 96 -48 ) (-96 96 -48 ) (-96 -96 -48 ) 
4 77 95 (-224 -96 -432 ) (-224 -96 -48 ) (-224 192 -48 ) (-224 192 -432 ) 
4 77 90 (-224 -96 -48 ) (-224 -96 -432 ) (-96 -96 -432 ) (-96 -96 -48 ) 
4 78 98 (-224 192 -456 ) (-224 -96 -456 ) (-224 -96 -432 ) (-224 192 -432 ) 
4 78 92 (-224 -96 -432 ) (-224 -96 -456 ) (-96 -96 -456 ) (-96 -96 -432 ) 
4 79 83 (224 -192 -48 ) (224 -224 -48 ) (128 -224 -48 ) (128 -192 -48 ) 
4 79 81 (128 -224 -48 ) (224 -224 -48 ) (224 -224 -32 ) (128 -224 -32 ) 
4 79 80 (128 -192 -48 ) (128 -224 -48 ) (128 -224 -32 ) (128 -192 -32 ) 
4 80 86 (-96 -192 -48 ) (-96 -224 -48 ) (-96 -224 -32 ) (-96 -192 -32 ) 
4 80 83 (-96 -96 -48 ) (128 -96 -48 ) (128 -224 -48 ) (-96 -224 -48 ) 
4 80 81 (-96 -224 -32 ) (-96 -224 -48 ) (128 -224 -48 ) (128 -224 -32 ) 
4 81 88 (-96 -224 -48 ) (-96 -416 -48 ) (-96 -416 -16 ) (-96 -224 -16 ) 
4 81 83 (224 -224 -48 ) (224 -416 -48 ) (-96 -416 -48 ) (-96 -224 -48 ) 
4 82 89 (-96 -416 -48 ) (-96 -440 -48 ) (-96 -440 -16 ) (-96 -416 -16 ) 
4 82 84 (224 -416 -48 ) (224 -440 -48 ) (-96 -440 -48 ) (-96 -416 -48 ) 
4 83 90 (-96 -96 -48 ) (-96 -96 -432 ) (-96 -416 -432 ) (-96 -416 -48 ) 
4 84 91 (-96 -416 -432 ) (-96 -440 -432 ) (-96 -440 -48 ) (-96 -416 -48 ) 
4 84 85 (224 -440 -432 ) (-96 -440 -432 ) (-96 -416 -432 ) (224 -416 -432 ) 
4 85 92 (-96 -96 -432 ) (-96 -96 -456 ) (-96 -440 -456 ) (-96 -440 -432 ) 
4 86 90 (-96 -192 -48 ) (-96 -224 -48 ) (-192 -224 -48 ) (-192 -192 -48 ) 
4 86 88 (-192 -224 -48 ) (-96 -224 -48 ) (-96 -224 -32 ) (-192 -224 -32 ) 
4 86 87 (-192 -192 -48 ) (-192 -224 -48 ) (-192 -224 -32 ) (-192 -192 -32 ) 
4 87 95 (-224 -96 -32 ) (-224 -96 -48 ) (-224 -224 -48 ) (-224 -224 -32 ) 
4 87 90 (-224 -224 -48 ) (-224 -96 -48 ) (-192 -96 -48 ) (-192 -224 -48 ) 
4 87 88 (-224 -224 -32 ) (-224 -224 -48 ) (-192 -224 -48 ) (-192 -224 -32 ) 
4 88 95 (-224 -416 -16 ) (-224 -224 -16 ) (-224 -224 -48 ) (-224 -416 -48 ) 
4 88 90 (-224 -416 -48 ) (-224 -224 -48 ) (-96 -224 -48 ) (-96 -416 -48 ) 
4 89 97 (-224 -440 -48 ) (-224 -440 -16 ) (-224 -416 -16 ) (-224 -416 -48 ) 
4 89 91 (-224 -440 -48 ) (-224 -416 -48 ) (-96 -416 -48 ) (-96 -440 -48 ) 
4 90 95 (-224 -416 -48 ) (-224 -96 -48 ) (-224 -96 -432 ) (-224 -416 -432 ) 
4 91 97 (-224 -440 -432 ) (-224 -440 -48 ) (-224 -416 -48 ) (-224 -416 -432 ) 
4 91 92 (-96 -440 -432 ) (-224 -440 -432 ) (-224 -416 -432 ) (-96 -416 -432 ) 
4 92 98 (-224 -96 -456 ) (-224 -440 -456 ) (-224 -440 -432 ) (-224 -96 -432 ) 
4 93 96 (-800 -416 400 ) (-824 -416 400 ) (-824 400 400 ) (-800 400 400 ) 
4 93 97 (-224 -416 400 ) (-224 -440 400 ) (-824 -440 400 ) (-824 -416 400 ) 
4 93 94 (-824 424 400 ) (-224 424 400 ) (-224 400 400 ) (-824 400 400 ) 
4 94 96 (-800 400 400 ) (-824 400 400 ) (-824 400 -432 ) (-800 400 -432 ) 
4 94 98 (-824 400 -432 ) (-824 424 -432 ) (-224 424 -432 ) (-224 400 -432 ) 
4 96 97 (-824 -416 400 ) (-824 -416 -432 ) (-800 -416 -432 ) (-800 -416 400 ) 
4 96 98 (-824 -416 -432 ) (-824 400 -432 ) (-800 400 -432 ) (-800 -416 -432 ) 
4 97 98 (-224 -440 -432 ) (-824 -440 -432 ) (-824 -416 -432 ) (-224 -416 -432 ) 
