PRT1
19
44
4 0 6 (112 -176 352 ) (112 224 352 ) (136 224 352 ) (136 -176 352 ) 
4 0 8 (136 -200 352 ) (112 -200 352 ) (112 -176 352 ) (136 -176 352 ) 
4 0 5 (112 224 352 ) (112 248 352 ) (136 248 352 ) (136 224 352 ) 
4 0 2 (112 -176 384 ) (112 -176 408 ) (112 224 408 ) (112 224 384 ) 
4 0 1 (112 248 352 ) (112 224 352 ) (112 224 408 ) (112 248 408 ) 
4 0 3 (112 -176 352 ) (112 -200 352 ) (112 -200 408 ) (112 -176 408 ) 
4 1 9 (-288 224 352 ) (-288 248 352 ) (80 248 352 ) (80 224 352 ) 
4 1 5 (80 248 352 ) (112 248 352 ) (112 224 352 ) (80 224 352 ) 
4 1 2 (112 224 384 ) (112 224 408 ) (-288 224 408 ) (-288 224 384 ) 
4 1 4 (-288 248 408 ) (-288 248 352 ) (-288 224 352 ) (-288 224 408 ) 
4 2 4 (-288 -176 384 ) (-288 -176 408 ) (-288 224 408 ) (-288 224 384 ) 
4 2 3 (-288 -176 408 ) (-288 -176 384 ) (112 -176 384 ) (112 -176 408 ) 
4 3 16 (80 -200 352 ) (-288 -200 352 ) (-288 -176 352 ) (80 -176 352 ) 
4 3 8 (112 -200 352 ) (80 -200 352 ) (80 -176 352 ) (112 -176 352 ) 
4 3 4 (-288 -176 352 ) (-288 -200 352 ) (-288 -200 408 ) (-288 -176 408 ) 
4 4 18 (-288 -200 352 ) (-312 -200 352 ) (-312 -144 352 ) (-288 -144 352 ) 
4 4 12 (-312 -144 352 ) (-312 192 352 ) (-288 192 352 ) (-288 -144 352 ) 
4 4 10 (-312 192 352 ) (-312 248 352 ) (-288 248 352 ) (-288 192 352 ) 
4 5 13 (80 248 16 ) (80 248 -40 ) (80 224 -40 ) (80 224 16 ) 
4 5 9 (80 224 352 ) (80 248 352 ) (80 248 16 ) (80 224 16 ) 
4 5 6 (136 224 -16 ) (136 224 352 ) (112 224 352 ) (112 224 -16 ) 
4 5 7 (80 224 -40 ) (136 224 -40 ) (136 224 -16 ) (80 224 -16 ) 
4 6 7 (112 224 -16 ) (136 224 -16 ) (136 -176 -16 ) (112 -176 -16 ) 
4 6 8 (112 -176 -16 ) (136 -176 -16 ) (136 -176 352 ) (112 -176 352 ) 
4 7 17 (80 -144 -40 ) (80 -176 -40 ) (80 -176 -16 ) (80 -144 -16 ) 
4 7 14 (80 224 -16 ) (80 224 -40 ) (80 -144 -40 ) (80 -144 -16 ) 
4 7 8 (80 -176 -16 ) (80 -176 -40 ) (136 -176 -40 ) (136 -176 -16 ) 
4 8 16 (80 -200 -16 ) (80 -200 352 ) (80 -176 352 ) (80 -176 -16 ) 
4 8 17 (80 -200 -40 ) (80 -200 -16 ) (80 -176 -16 ) (80 -176 -40 ) 
4 9 13 (-288 248 16 ) (80 248 16 ) (80 224 16 ) (-288 224 16 ) 
4 9 10 (-288 248 16 ) (-288 224 16 ) (-288 224 352 ) (-288 248 352 ) 
4 10 15 (-312 192 16 ) (-312 224 16 ) (-288 224 16 ) (-288 192 16 ) 
4 10 13 (-312 224 16 ) (-312 248 16 ) (-288 248 16 ) (-288 224 16 ) 
4 10 12 (-312 192 352 ) (-312 192 16 ) (-288 192 16 ) (-288 192 352 ) 
4 12 18 (-312 -144 352 ) (-312 -144 16 ) (-288 -144 16 ) (-288 -144 352 ) 
4 12 15 (-312 -144 16 ) (-312 192 16 ) (-288 192 16 ) (-288 -144 16 ) 
4 13 14 (-288 224 -40 ) (80 224 -40 ) (80 224 -16 ) (-288 224 -16 ) 
4 13 15 (-312 224 -40 ) (-288 224 -40 ) (-288 224 16 ) (-312 224 16 ) 
4 14 17 (-288 -144 -40 ) (80 -144 -40 ) (80 -144 -16 ) (-288 -144 -16 ) 
4 14 15 (-288 224 -40 ) (-288 -144 -40 ) (-288 -144 -16 ) (-288 224 -16 ) 
4 15 18 (-312 -144 16 ) (-312 -144 -40 ) (-288 -144 -40 ) (-288 -144 16 ) 
4 16 17 (80 -176 -16 ) (80 -200 -16 ) (-288 -200 -16 ) (-288 -176 -16 ) 
4 16 18 (-288 -176 -16 ) (-288 -200 -16 ) (-288 -200 352 ) (-288 -176 352 ) 
4 17 18 (-288 -144 -16 ) (-288 -144 -40 ) (-288 -200 -40 ) (-288 -200 -16 ) 
